CMake Deprecation Warning at CMakeLists.txt:1 (cmake_minimum_required):
  Compatibility with CMake < 3.10 will be removed from a future version of
  CMake.

  Update the VERSION argument <min> value or use a ...<max> suffix to tell
  CMake that the project does not need compatibility with older versions.


-- Selecting Windows SDK version 10.0.19041.0 to target Windows 10.0.19045.
-- Found shape_msgs: 4.2.4 (C:/dev/ros2_humble/share/shape_msgs/cmake)
-- Found rosidl_generator_c: 3.1.5 (C:/dev/ros2_humble/share/rosidl_generator_c/cmake)
-- Found rosidl_adapter: 3.1.5 (C:/dev/ros2_humble/share/rosidl_adapter/cmake)
-- Found rosidl_generator_cpp: 3.1.5 (C:/dev/ros2_humble/share/rosidl_generator_cpp/cmake)
-- Using all available rosidl_typesupport_c: rosidl_typesupport_fastrtps_c;rosidl_typesupport_introspection_c
-- Using all available rosidl_typesupport_cpp: rosidl_typesupport_fastrtps_cpp;rosidl_typesupport_introspection_cpp
-- Found rosidl_default_generators: 1.2.0 (C:/dev/ros2_humble/share/rosidl_default_generators/cmake)
-- Found ament_cmake_ros: 0.10.0 (C:/dev/ros2_humble/share/ament_cmake_ros/cmake)
-- Using all available rosidl_typesupport_c: rosidl_typesupport_fastrtps_c;rosidl_typesupport_introspection_c
-- Using all available rosidl_typesupport_cpp: rosidl_typesupport_fastrtps_cpp;rosidl_typesupport_introspection_cpp
CMake Warning (dev) at C:/dev/ros2_humble/share/rosidl_generator_py/cmake/rosidl_generator_py_generate_interfaces.cmake:20 (find_package):
  Policy CMP0148 is not set: The FindPythonInterp and FindPythonLibs modules
  are removed.  Run "cmake --help-policy CMP0148" for policy details.  Use
  the cmake_policy command to set the policy and suppress this warning.

Call Stack (most recent call first):
  C:/dev/ros2_humble/share/ament_cmake_core/cmake/core/ament_execute_extensions.cmake:48 (include)
  C:/dev/ros2_humble/share/rosidl_cmake/cmake/rosidl_generate_interfaces.cmake:286 (ament_execute_extensions)
  CMakeLists.txt:14 (rosidl_generate_interfaces)
This warning is for project developers.  Use -Wno-dev to suppress it.

-- Found python_cmake_module: 0.10.0 (C:/dev/ros2_humble/share/python_cmake_module/cmake)
CMake Warning (dev) at C:/dev/ros2_humble/share/python_cmake_module/cmake/Modules/FindPythonExtra.cmake:52 (find_package):
  Policy CMP0148 is not set: The FindPythonInterp and FindPythonLibs modules
  are removed.  Run "cmake --help-policy CMP0148" for policy details.  Use
  the cmake_policy command to set the policy and suppress this warning.

Call Stack (most recent call first):
  C:/dev/ros2_humble/share/rosidl_generator_py/cmake/rosidl_generator_py_generate_interfaces.cmake:23 (find_package)
  C:/dev/ros2_humble/share/ament_cmake_core/cmake/core/ament_execute_extensions.cmake:48 (include)
  C:/dev/ros2_humble/share/rosidl_cmake/cmake/rosidl_generate_interfaces.cmake:286 (ament_execute_extensions)
  CMakeLists.txt:14 (rosidl_generate_interfaces)
This warning is for project developers.  Use -Wno-dev to suppress it.

CMake Warning (dev) at C:/dev/ros2_humble/share/python_cmake_module/cmake/Modules/FindPythonExtra.cmake:140 (find_package):
  Policy CMP0148 is not set: The FindPythonInterp and FindPythonLibs modules
  are removed.  Run "cmake --help-policy CMP0148" for policy details.  Use
  the cmake_policy command to set the policy and suppress this warning.

Call Stack (most recent call first):
  C:/dev/ros2_humble/share/rosidl_generator_py/cmake/rosidl_generator_py_generate_interfaces.cmake:23 (find_package)
  C:/dev/ros2_humble/share/ament_cmake_core/cmake/core/ament_execute_extensions.cmake:48 (include)
  C:/dev/ros2_humble/share/rosidl_cmake/cmake/rosidl_generate_interfaces.cmake:286 (ament_execute_extensions)
  CMakeLists.txt:14 (rosidl_generate_interfaces)
This warning is for project developers.  Use -Wno-dev to suppress it.

-- Using PYTHON_EXECUTABLE: C:/Users/operator/.pyenv/pyenv-win/shims/python3
-- Using PYTHON_INCLUDE_DIRS: C:/Python38/include
-- Using PYTHON_LIBRARIES: C:/Python38/libs/python38.lib
CMake Error at C:/dev/ros2_humble/share/python_cmake_module/cmake/Modules/FindPythonExtra.cmake:174 (message):
  execute_process(C:/Users/operator/.pyenv/pyenv-win/shims/python3 -c 'from
  sysconfig import get_config_var;print(get_config_var('SOABI'))') returned
  error code no such file or directory
Call Stack (most recent call first):
  C:/dev/ros2_humble/share/rosidl_generator_py/cmake/rosidl_generator_py_generate_interfaces.cmake:23 (find_package)
  C:/dev/ros2_humble/share/ament_cmake_core/cmake/core/ament_execute_extensions.cmake:48 (include)
  C:/dev/ros2_humble/share/rosidl_cmake/cmake/rosidl_generate_interfaces.cmake:286 (ament_execute_extensions)
  CMakeLists.txt:14 (rosidl_generate_interfaces)


-- Configuring incomplete, errors occurred!
